<?xml version="1.0" encoding="UTF-8"?>
<coverage generated="1696484619463" clover="3.2.0">
  <project timestamp="1696484619463" name="All files">
    <metrics statements="35" coveredstatements="32" conditionals="19" coveredconditionals="15" methods="11" coveredmethods="8" elements="65" coveredelements="55" complexity="0" loc="35" ncloc="35" packages="2" files="5" classes="5"/>
    <package name="components">
      <metrics statements="28" coveredstatements="26" conditionals="14" coveredconditionals="13" methods="9" coveredmethods="7"/>
      <file name="Blog.jsx" path="/Users/b0287381/code/full-stack-open/blog-app/frontend/src/components/Blog.jsx">
        <metrics statements="9" coveredstatements="8" conditionals="8" coveredconditionals="8" methods="4" coveredmethods="3"/>
        <line num="19" count="7" type="stmt"/>
        <line num="21" count="7" type="stmt"/>
        <line num="22" count="3" type="stmt"/>
        <line num="25" count="7" type="stmt"/>
        <line num="26" count="7" type="stmt"/>
        <line num="27" count="7" type="cond" truecount="2" falsecount="0"/>
        <line num="29" count="7" type="stmt"/>
        <line num="66" count="3" type="stmt"/>
        <line num="90" count="0" type="stmt"/>
      </file>
      <file name="BlogForm.jsx" path="/Users/b0287381/code/full-stack-open/blog-app/frontend/src/components/BlogForm.jsx">
        <metrics statements="10" coveredstatements="10" conditionals="2" coveredconditionals="1" methods="2" coveredmethods="2"/>
        <line num="10" count="2" type="stmt"/>
        <line num="14" count="2" type="stmt"/>
        <line num="15" count="2" type="stmt"/>
        <line num="16" count="2" type="stmt"/>
        <line num="17" count="2" type="stmt"/>
        <line num="18" count="6" type="cond" truecount="1" falsecount="1"/>
        <line num="19" count="6" type="stmt"/>
        <line num="21" count="2" type="stmt"/>
        <line num="22" count="2" type="stmt"/>
        <line num="24" count="2" type="stmt"/>
      </file>
      <file name="Togglable.jsx" path="/Users/b0287381/code/full-stack-open/blog-app/frontend/src/components/Togglable.jsx">
        <metrics statements="9" coveredstatements="8" conditionals="4" coveredconditionals="4" methods="3" coveredmethods="2"/>
        <line num="5" count="7" type="stmt"/>
        <line num="6" count="7" type="cond" truecount="2" falsecount="0"/>
        <line num="7" count="7" type="cond" truecount="2" falsecount="0"/>
        <line num="8" count="7" type="stmt"/>
        <line num="9" count="3" type="stmt"/>
        <line num="12" count="7" type="stmt"/>
        <line num="13" count="0" type="stmt"/>
        <line num="16" count="7" type="stmt"/>
        <line num="33" count="1" type="stmt"/>
      </file>
    </package>
    <package name="utils">
      <metrics statements="7" coveredstatements="6" conditionals="5" coveredconditionals="2" methods="2" coveredmethods="1"/>
      <file name="constants.js" path="/Users/b0287381/code/full-stack-open/blog-app/frontend/src/utils/constants.js">
        <metrics statements="3" coveredstatements="3" conditionals="0" coveredconditionals="0" methods="0" coveredmethods="0"/>
        <line num="1" count="2" type="stmt"/>
        <line num="2" count="2" type="stmt"/>
        <line num="3" count="2" type="stmt"/>
      </file>
      <file name="helpers.js" path="/Users/b0287381/code/full-stack-open/blog-app/frontend/src/utils/helpers.js">
        <metrics statements="4" coveredstatements="3" conditionals="5" coveredconditionals="2" methods="2" coveredmethods="1"/>
        <line num="3" count="2" type="stmt"/>
        <line num="4" count="0" type="cond" truecount="0" falsecount="3"/>
        <line num="6" count="2" type="stmt"/>
        <line num="7" count="7" type="cond" truecount="2" falsecount="0"/>
      </file>
    </package>
  </project>
</coverage>
