{"/Users/b0287381/code/full-stack-open/blog-app/frontend/src/components/Blog.jsx": {"path":"/Users/b0287381/code/full-stack-open/blog-app/frontend/src/components/Blog.jsx","statementMap":{"0":{"start":{"line":19,"column":32},"end":{"line":19,"column":47}},"1":{"start":{"line":21,"column":27},"end":{"line":23,"column":3}},"2":{"start":{"line":22,"column":4},"end":{"line":22,"column":25}},"3":{"start":{"line":25,"column":71},"end":{"line":25,"column":76}},"4":{"start":{"line":26,"column":27},"end":{"line":26,"column":56}},"5":{"start":{"line":27,"column":23},"end":{"line":27,"column":51}},"6":{"start":{"line":29,"column":2},"end":{"line":94,"column":4}},"7":{"start":{"line":66,"column":20},"end":{"line":66,"column":67}},"8":{"start":{"line":90,"column":33},"end":{"line":90,"column":62}}},"fnMap":{"0":{"name":"Blog","decl":{"start":{"line":18,"column":24},"end":{"line":18,"column":28}},"loc":{"start":{"line":18,"column":36},"end":{"line":95,"column":1}},"line":18},"1":{"name":"(anonymous_1)","decl":{"start":{"line":21,"column":27},"end":{"line":21,"column":28}},"loc":{"start":{"line":21,"column":33},"end":{"line":23,"column":3}},"line":21},"2":{"name":"(anonymous_2)","decl":{"start":{"line":65,"column":27},"end":{"line":65,"column":28}},"loc":{"start":{"line":66,"column":20},"end":{"line":66,"column":67}},"line":66},"3":{"name":"(anonymous_3)","decl":{"start":{"line":90,"column":27},"end":{"line":90,"column":28}},"loc":{"start":{"line":90,"column":33},"end":{"line":90,"column":62}},"line":90}},"branchMap":{"0":{"loc":{"start":{"line":27,"column":23},"end":{"line":27,"column":51}},"type":"binary-expr","locations":[{"start":{"line":27,"column":23},"end":{"line":27,"column":43}},{"start":{"line":27,"column":47},"end":{"line":27,"column":51}}],"line":27},"1":{"loc":{"start":{"line":38,"column":7},"end":{"line":75,"column":7}},"type":"binary-expr","locations":[{"start":{"line":38,"column":7},"end":{"line":38,"column":14}},{"start":{"line":39,"column":8},"end":{"line":74,"column":19}}],"line":38},"2":{"loc":{"start":{"line":87,"column":11},"end":{"line":87,"column":36}},"type":"cond-expr","locations":[{"start":{"line":87,"column":21},"end":{"line":87,"column":27}},{"start":{"line":87,"column":30},"end":{"line":87,"column":36}}],"line":87},"3":{"loc":{"start":{"line":89,"column":9},"end":{"line":91,"column":9}},"type":"binary-expr","locations":[{"start":{"line":89,"column":9},"end":{"line":89,"column":42}},{"start":{"line":90,"column":10},"end":{"line":90,"column":79}}],"line":89}},"s":{"0":7,"1":7,"2":3,"3":7,"4":7,"5":7,"6":7,"7":3,"8":0},"f":{"0":7,"1":3,"2":3,"3":0},"b":{"0":[7,7],"1":[7,3],"2":[3,4],"3":[7,7]},"_coverageSchema":"1a1c01bbd47fc00a2c39e90264f33305004495a9","hash":"fb3889f944b71f0b6f8d0cf29489fad854457423"}
,"/Users/b0287381/code/full-stack-open/blog-app/frontend/src/components/BlogForm.jsx": {"path":"/Users/b0287381/code/full-stack-open/blog-app/frontend/src/components/BlogForm.jsx","statementMap":{"0":{"start":{"line":10,"column":25},"end":{"line":10,"column":34}},"1":{"start":{"line":14,"column":4},"end":{"line":14,"column":27}},"2":{"start":{"line":15,"column":21},"end":{"line":15,"column":47}},"3":{"start":{"line":16,"column":20},"end":{"line":16,"column":22}},"4":{"start":{"line":17,"column":4},"end":{"line":20,"column":5}},"5":{"start":{"line":18,"column":6},"end":{"line":18,"column":67}},"6":{"start":{"line":18,"column":18},"end":{"line":18,"column":67}},"7":{"start":{"line":19,"column":6},"end":{"line":19,"column":27}},"8":{"start":{"line":21,"column":4},"end":{"line":21,"column":21}},"9":{"start":{"line":22,"column":4},"end":{"line":22,"column":25}},"10":{"start":{"line":24,"column":2},"end":{"line":49,"column":4}}},"fnMap":{"0":{"name":"BlogForm","decl":{"start":{"line":12,"column":24},"end":{"line":12,"column":32}},"loc":{"start":{"line":12,"column":46},"end":{"line":50,"column":1}},"line":12},"1":{"name":"handleAddItem","decl":{"start":{"line":13,"column":11},"end":{"line":13,"column":24}},"loc":{"start":{"line":13,"column":32},"end":{"line":23,"column":3}},"line":13}},"branchMap":{"0":{"loc":{"start":{"line":18,"column":6},"end":{"line":18,"column":67}},"type":"if","locations":[{"start":{"line":18,"column":6},"end":{"line":18,"column":67}},{"start":{},"end":{}}],"line":18}},"s":{"0":2,"1":2,"2":2,"3":2,"4":2,"5":6,"6":0,"7":6,"8":2,"9":2,"10":2},"f":{"0":2,"1":2},"b":{"0":[0,6]},"_coverageSchema":"1a1c01bbd47fc00a2c39e90264f33305004495a9","hash":"d0e88a0061aab140e74d414c412dfa76bd2877a6"}
,"/Users/b0287381/code/full-stack-open/blog-app/frontend/src/components/Togglable.jsx": {"path":"/Users/b0287381/code/full-stack-open/blog-app/frontend/src/components/Togglable.jsx","statementMap":{"0":{"start":{"line":5,"column":32},"end":{"line":5,"column":47}},"1":{"start":{"line":6,"column":26},"end":{"line":6,"column":60}},"2":{"start":{"line":7,"column":26},"end":{"line":7,"column":60}},"3":{"start":{"line":8,"column":27},"end":{"line":10,"column":3}},"4":{"start":{"line":9,"column":4},"end":{"line":9,"column":25}},"5":{"start":{"line":12,"column":2},"end":{"line":14,"column":5}},"6":{"start":{"line":13,"column":4},"end":{"line":13,"column":32}},"7":{"start":{"line":16,"column":2},"end":{"line":30,"column":4}},"8":{"start":{"line":33,"column":26},"end":{"line":33,"column":47}}},"fnMap":{"0":{"name":"Togglable","decl":{"start":{"line":4,"column":9},"end":{"line":4,"column":18}},"loc":{"start":{"line":4,"column":32},"end":{"line":31,"column":1}},"line":4},"1":{"name":"(anonymous_1)","decl":{"start":{"line":8,"column":27},"end":{"line":8,"column":28}},"loc":{"start":{"line":8,"column":33},"end":{"line":10,"column":3}},"line":8},"2":{"name":"(anonymous_2)","decl":{"start":{"line":12,"column":28},"end":{"line":12,"column":29}},"loc":{"start":{"line":12,"column":34},"end":{"line":14,"column":3}},"line":12}},"branchMap":{"0":{"loc":{"start":{"line":6,"column":37},"end":{"line":6,"column":58}},"type":"cond-expr","locations":[{"start":{"line":6,"column":47},"end":{"line":6,"column":53}},{"start":{"line":6,"column":56},"end":{"line":6,"column":58}}],"line":6},"1":{"loc":{"start":{"line":7,"column":37},"end":{"line":7,"column":58}},"type":"cond-expr","locations":[{"start":{"line":7,"column":47},"end":{"line":7,"column":49}},{"start":{"line":7,"column":52},"end":{"line":7,"column":58}}],"line":7}},"s":{"0":7,"1":7,"2":7,"3":7,"4":3,"5":7,"6":0,"7":7,"8":1},"f":{"0":7,"1":3,"2":0},"b":{"0":[2,5],"1":[2,5]},"_coverageSchema":"1a1c01bbd47fc00a2c39e90264f33305004495a9","hash":"9bf51867d8671b05abc9fe4790f81d3ffb36c8ec"}
,"/Users/b0287381/code/full-stack-open/blog-app/frontend/src/utils/constants.js": {"path":"/Users/b0287381/code/full-stack-open/blog-app/frontend/src/utils/constants.js","statementMap":{"0":{"start":{"line":1,"column":21},"end":{"line":1,"column":48}},"1":{"start":{"line":2,"column":30},"end":{"line":2,"column":54}},"2":{"start":{"line":3,"column":38},"end":{"line":3,"column":61}}},"fnMap":{},"branchMap":{},"s":{"0":2,"1":2,"2":2},"f":{},"b":{},"_coverageSchema":"1a1c01bbd47fc00a2c39e90264f33305004495a9","hash":"20ef255ba398a5651ac76550ebe758fec251e72f"}
,"/Users/b0287381/code/full-stack-open/blog-app/frontend/src/utils/helpers.js": {"path":"/Users/b0287381/code/full-stack-open/blog-app/frontend/src/utils/helpers.js","statementMap":{"0":{"start":{"line":3,"column":24},"end":{"line":4,"column":79}},"1":{"start":{"line":4,"column":2},"end":{"line":4,"column":79}},"2":{"start":{"line":6,"column":28},"end":{"line":9,"column":21}},"3":{"start":{"line":7,"column":2},"end":{"line":9,"column":21}}},"fnMap":{"0":{"name":"(anonymous_0)","decl":{"start":{"line":3,"column":24},"end":{"line":3,"column":25}},"loc":{"start":{"line":4,"column":2},"end":{"line":4,"column":79}},"line":4},"1":{"name":"(anonymous_1)","decl":{"start":{"line":6,"column":28},"end":{"line":6,"column":29}},"loc":{"start":{"line":7,"column":2},"end":{"line":9,"column":21}},"line":7}},"branchMap":{"0":{"loc":{"start":{"line":4,"column":2},"end":{"line":4,"column":79}},"type":"binary-expr","locations":[{"start":{"line":4,"column":2},"end":{"line":4,"column":27}},{"start":{"line":4,"column":31},"end":{"line":4,"column":44}},{"start":{"line":4,"column":48},"end":{"line":4,"column":79}}],"line":4},"1":{"loc":{"start":{"line":7,"column":2},"end":{"line":9,"column":21}},"type":"binary-expr","locations":[{"start":{"line":7,"column":2},"end":{"line":9,"column":13}},{"start":{"line":9,"column":17},"end":{"line":9,"column":21}}],"line":7}},"s":{"0":2,"1":0,"2":2,"3":7},"f":{"0":0,"1":7},"b":{"0":[0,0,0],"1":[7,7]},"_coverageSchema":"1a1c01bbd47fc00a2c39e90264f33305004495a9","hash":"ebd2dc5e7feaeac4c174ae65c3c1cfdf010f79f8"}
}
