TN:
SF:src/components/Blog.jsx
FN:18,Blog
FN:21,(anonymous_1)
FN:65,(anonymous_2)
FN:90,(anonymous_3)
FNF:4
FNH:3
FNDA:7,Blog
FNDA:3,(anonymous_1)
FNDA:3,(anonymous_2)
FNDA:0,(anonymous_3)
DA:19,7
DA:21,7
DA:22,3
DA:25,7
DA:26,7
DA:27,7
DA:29,7
DA:66,3
DA:90,0
LF:9
LH:8
BRDA:27,0,0,7
BRDA:27,0,1,7
BRDA:38,1,0,7
BRDA:38,1,1,3
BRDA:87,2,0,3
BRDA:87,2,1,4
BRDA:89,3,0,7
BRDA:89,3,1,7
BRF:8
BRH:8
end_of_record
TN:
SF:src/components/BlogForm.jsx
FN:12,BlogForm
FN:13,handleAddItem
FNF:2
FNH:2
FNDA:2,BlogForm
FNDA:2,handleAddItem
DA:10,2
DA:14,2
DA:15,2
DA:16,2
DA:17,2
DA:18,6
DA:19,6
DA:21,2
DA:22,2
DA:24,2
LF:10
LH:10
BRDA:18,0,0,0
BRDA:18,0,1,6
BRF:2
BRH:1
end_of_record
TN:
SF:src/components/Togglable.jsx
FN:4,Togglable
FN:8,(anonymous_1)
FN:12,(anonymous_2)
FNF:3
FNH:2
FNDA:7,Togglable
FNDA:3,(anonymous_1)
FNDA:0,(anonymous_2)
DA:5,7
DA:6,7
DA:7,7
DA:8,7
DA:9,3
DA:12,7
DA:13,0
DA:16,7
DA:33,1
LF:9
LH:8
BRDA:6,0,0,2
BRDA:6,0,1,5
BRDA:7,1,0,2
BRDA:7,1,1,5
BRF:4
BRH:4
end_of_record
TN:
SF:src/utils/constants.js
FNF:0
FNH:0
DA:1,2
DA:2,2
DA:3,2
LF:3
LH:3
BRF:0
BRH:0
end_of_record
TN:
SF:src/utils/helpers.js
FN:3,(anonymous_0)
FN:6,(anonymous_1)
FNF:2
FNH:1
FNDA:0,(anonymous_0)
FNDA:7,(anonymous_1)
DA:3,2
DA:4,0
DA:6,2
DA:7,7
LF:4
LH:3
BRDA:4,0,0,0
BRDA:4,0,1,0
BRDA:4,0,2,0
BRDA:7,1,0,7
BRDA:7,1,1,7
BRF:5
BRH:2
end_of_record
